2026-07-06T07:56:36+00:00 OK 20260706_0756: DC 6443 EVSEs, AC 160978 EVSEs in 8.2s, referentie ververst (167421 EVSEs)
2026-07-06T12:12:02+00:00 OK 20260706_1211: DC 6443 EVSEs, AC 161077 EVSEs in 7.0s
2026-07-06T16:01:16+00:00 OK 20260706_1601: DC 6451 EVSEs, AC 161838 EVSEs in 8.3s
2026-07-06T18:26:59+00:00 OK 20260706_1826: DC 6451 EVSEs, AC 161856 EVSEs in 8.0s
2026-07-06T20:28:20+00:00 OK 20260706_2028: DC 6451 EVSEs, AC 161856 EVSEs in 7.2s
2026-07-06T21:58:46+00:00 OK 20260706_2158: DC 6451 EVSEs, AC 161856 EVSEs in 7.0s
2026-07-06T23:17:35+00:00 OK 20260706_2317: DC 6443 EVSEs, AC 160942 EVSEs in 8.5s
2026-07-07T01:17:40+00:00 OK 20260707_0117: DC 6443 EVSEs, AC 161024 EVSEs in 7.4s
2026-07-07T05:41:23+00:00 OK 20260707_0541: DC 6453 EVSEs, AC 161879 EVSEs in 7.0s
2026-07-07T11:17:06+00:00 OK 20260707_1116: DC 6448 EVSEs, AC 161908 EVSEs in 7.4s
2026-07-07T11:46:13+00:00 OK 20260707_1146: DC 6448 EVSEs in 4.9s
2026-07-07T12:15:20+00:00 OK 20260707_1215: DC 6448 EVSEs, AC 161914 EVSEs in 6.6s
2026-07-07T12:44:26+00:00 OK 20260707_1244: DC 6448 EVSEs in 4.4s
2026-07-07T13:13:35+00:00 OK 20260707_1313: DC 6448 EVSEs, AC 161918 EVSEs in 7.2s
2026-07-07T13:42:41+00:00 OK 20260707_1342: DC 6448 EVSEs in 4.8s
2026-07-07T14:56:46+00:00 OK 20260707_1456: DC 6448 EVSEs, AC 161944 EVSEs in 8.1s
2026-07-07T15:25:54+00:00 OK 20260707_1525: DC 6448 EVSEs in 6.4s
2026-07-07T15:55:04+00:00 OK 20260707_1554: DC 6448 EVSEs, AC 161946 EVSEs in 8.9s
2026-07-07T16:24:12+00:00 OK 20260707_1624: DC 6450 EVSEs in 6.5s
2026-07-07T16:53:22+00:00 OK 20260707_1653: DC 6450 EVSEs, AC 161934 EVSEs in 7.8s
2026-07-07T17:22:30+00:00 OK 20260707_1722: DC 6450 EVSEs in 6.5s
2026-07-07T17:24:12+00:00 OK 20260707_1724: DC 6450 EVSEs in 4.4s
2026-07-07T17:53:20+00:00 OK 20260707_1753: DC 6450 EVSEs, AC 161934 EVSEs in 6.7s
2026-07-07T18:22:26+00:00 OK 20260707_1822: DC 6450 EVSEs in 4.6s
2026-07-07T18:51:34+00:00 OK 20260707_1851: DC 6450 EVSEs, AC 161934 EVSEs in 7.1s
2026-07-07T19:20:41+00:00 OK 20260707_1920: DC 6450 EVSEs in 4.9s
2026-07-07T19:49:50+00:00 OK 20260707_1949: DC 6450 EVSEs, AC 161934 EVSEs in 7.7s
2026-07-07T20:08:15+00:00 OK 20260707_2008: DC 6450 EVSEs in 4.8s
2026-07-07T20:37:21+00:00 OK 20260707_2037: DC 6450 EVSEs in 4.8s
2026-07-07T21:06:30+00:00 OK 20260707_2106: DC 6450 EVSEs, AC 161934 EVSEs in 7.2s
2026-07-07T21:35:36+00:00 OK 20260707_2135: DC 6450 EVSEs in 4.8s
2026-07-07T22:04:45+00:00 OK 20260707_2204: DC 6443 EVSEs, AC 161321 EVSEs in 7.5s
2026-07-07T22:33:51+00:00 OK 20260707_2233: DC 6439 EVSEs in 4.6s
2026-07-07T22:34:08+00:00 OK 20260707_2234: DC 6439 EVSEs in 5.6s
2026-07-07T23:03:18+00:00 OK 20260707_2303: DC 6439 EVSEs, AC 161038 EVSEs in 8.4s
2026-07-07T23:32:25+00:00 OK 20260707_2332: DC 6439 EVSEs in 5.2s
2026-07-08T00:01:34+00:00 OK 20260708_0001: DC 6439 EVSEs, AC 161077 EVSEs in 7.7s
2026-07-08T00:30:41+00:00 OK 20260708_0030: DC 6439 EVSEs in 5.9s
2026-07-08T00:59:51+00:00 OK 20260708_0059: DC 6439 EVSEs, AC 161100 EVSEs in 8.2s
2026-07-08T01:00:08+00:00 OK 20260708_0100: DC 6439 EVSEs in 5.5s
2026-07-08T01:29:13+00:00 OK 20260708_0129: DC 6439 EVSEs in 4.2s
2026-07-08T01:58:21+00:00 OK 20260708_0158: DC 6439 EVSEs, AC 161124 EVSEs in 6.5s
2026-07-08T02:27:27+00:00 OK 20260708_0227: DC 6439 EVSEs in 4.5s
2026-07-08T02:56:35+00:00 OK 20260708_0256: DC 6439 EVSEs, AC 161133 EVSEs in 6.9s
2026-07-08T03:25:41+00:00 OK 20260708_0325: DC 6439 EVSEs in 4.7s
2026-07-08T04:22:39+00:00 OK 20260708_0422: DC 6448 EVSEs, AC 161170 EVSEs in 7.3s
2026-07-08T04:51:45+00:00 OK 20260708_0451: DC 6448 EVSEs in 4.8s
2026-07-08T05:20:53+00:00 OK 20260708_0520: DC 6448 EVSEs, AC 161172 EVSEs in 7.0s
2026-07-08T05:50:00+00:00 OK 20260708_0549: DC 6448 EVSEs in 5.2s
2026-07-08T06:19:09+00:00 OK 20260708_0619: DC 6448 EVSEs, AC 161182 EVSEs in 7.4s
2026-07-08T06:48:17+00:00 OK 20260708_0648: DC 6448 EVSEs in 6.5s
2026-07-08T07:37:06+00:00 OK 20260708_0736: DC 6448 EVSEs, AC 161193 EVSEs in 7.5s
2026-07-08T08:06:12+00:00 OK 20260708_0806: DC 6456 EVSEs in 5.3s
2026-07-08T08:35:21+00:00 OK 20260708_0835: DC 6456 EVSEs, AC 162000 EVSEs in 7.4s
2026-07-08T09:04:28+00:00 OK 20260708_0904: DC 6456 EVSEs in 5.2s
2026-07-08T09:33:37+00:00 OK 20260708_0933: DC 6456 EVSEs, AC 162008 EVSEs in 8.0s
2026-07-08T10:02:44+00:00 OK 20260708_1002: DC 6457 EVSEs in 4.6s
2026-07-08T10:28:32+00:00 OK 20260708_1028: DC 6457 EVSEs, AC 162036 EVSEs in 5.7s
2026-07-08T10:57:37+00:00 OK 20260708_1057: DC 6457 EVSEs in 4.0s
2026-07-08T11:26:44+00:00 OK 20260708_1126: DC 6457 EVSEs, AC 162055 EVSEs in 6.1s
2026-07-08T11:55:50+00:00 OK 20260708_1155: DC 6457 EVSEs in 4.3s
2026-07-08T12:24:58+00:00 OK 20260708_1224: DC 6457 EVSEs, AC 162075 EVSEs in 6.3s
2026-07-08T12:54:03+00:00 OK 20260708_1253: DC 6457 EVSEs in 3.9s
2026-07-08T12:54:19+00:00 OK 20260708_1254: DC 6457 EVSEs in 5.5s
2026-07-08T13:23:28+00:00 OK 20260708_1323: DC 6457 EVSEs, AC 162085 EVSEs in 7.1s
2026-07-08T13:52:36+00:00 OK 20260708_1352: DC 6457 EVSEs in 6.5s
2026-07-08T14:21:56+00:00 OK 20260708_1421: DC 6457 EVSEs, AC 162097 EVSEs in 7.2s
2026-07-08T14:51:05+00:00 OK 20260708_1450: DC 6457 EVSEs in 8.1s
2026-07-08T15:20:15+00:00 OK 20260708_1520: DC 6457 EVSEs, AC 162097 EVSEs in 7.7s
2026-07-08T15:29:26+00:00 OK 20260708_1529: DC 6457 EVSEs in 4.9s
2026-07-08T15:58:31+00:00 OK 20260708_1558: DC 6457 EVSEs in 4.0s
2026-07-08T16:27:39+00:00 OK 20260708_1627: DC 6520 EVSEs, AC 162105 EVSEs in 6.7s
2026-07-08T16:56:45+00:00 OK 20260708_1656: DC 6520 EVSEs in 4.1s
2026-07-08T17:25:53+00:00 OK 20260708_1725: DC 6520 EVSEs, AC 162106 EVSEs in 6.0s
2026-07-08T17:54:58+00:00 OK 20260708_1754: DC 6520 EVSEs in 4.4s
2026-07-08T17:55:12+00:00 OK 20260708_1755: DC 6520 EVSEs in 4.3s
2026-07-08T18:24:20+00:00 OK 20260708_1824: DC 6520 EVSEs, AC 162106 EVSEs in 6.4s
2026-07-08T18:53:26+00:00 OK 20260708_1853: DC 6520 EVSEs in 4.6s
2026-07-08T19:22:33+00:00 OK 20260708_1922: DC 6520 EVSEs, AC 162106 EVSEs in 6.0s
2026-07-08T19:51:40+00:00 OK 20260708_1951: DC 6520 EVSEs in 4.6s
2026-07-08T20:20:47+00:00 OK 20260708_2020: DC 6520 EVSEs, AC 162106 EVSEs in 6.0s
2026-07-08T20:21:03+00:00 OK 20260708_2020: DC 6520 EVSEs in 5.2s
2026-07-08T20:50:09+00:00 OK 20260708_2050: DC 6520 EVSEs in 4.7s
2026-07-08T21:19:17+00:00 OK 20260708_2119: DC 6520 EVSEs, AC 162106 EVSEs in 6.9s
2026-07-08T21:48:23+00:00 OK 20260708_2148: DC 6520 EVSEs in 4.7s
2026-07-08T22:17:32+00:00 OK 20260708_2217: DC 6512 EVSEs, AC 161145 EVSEs in 6.8s
2026-07-08T22:46:38+00:00 OK 20260708_2246: DC 6512 EVSEs in 5.0s
2026-07-08T22:46:53+00:00 OK 20260708_2246: DC 6512 EVSEs in 4.7s
2026-07-08T23:16:01+00:00 OK 20260708_2315: DC 6512 EVSEs, AC 161174 EVSEs in 7.1s
2026-07-08T23:45:07+00:00 OK 20260708_2345: DC 6512 EVSEs in 4.4s
2026-07-09T00:14:15+00:00 OK 20260709_0014: DC 6512 EVSEs, AC 161197 EVSEs in 6.6s
2026-07-09T00:43:21+00:00 OK 20260709_0043: DC 6512 EVSEs in 4.2s
2026-07-09T01:12:29+00:00 OK 20260709_0112: DC 6512 EVSEs, AC 161223 EVSEs in 6.7s
2026-07-09T01:12:42+00:00 OK 20260709_0112: DC 6512 EVSEs in 4.6s
2026-07-09T01:41:48+00:00 OK 20260709_0141: DC 6512 EVSEs in 4.6s
2026-07-09T02:10:57+00:00 OK 20260709_0210: DC 6512 EVSEs, AC 161237 EVSEs in 7.1s
2026-07-09T02:40:03+00:00 OK 20260709_0239: DC 6512 EVSEs in 5.2s
2026-07-09T03:09:12+00:00 OK 20260709_0309: DC 6512 EVSEs, AC 161258 EVSEs in 7.0s
2026-07-09T03:38:18+00:00 OK 20260709_0338: DC 6512 EVSEs in 4.6s
2026-07-09T04:05:47+00:00 OK 20260709_0405: DC 6518 EVSEs, AC 161200 EVSEs in 6.0s
2026-07-09T04:34:54+00:00 OK 20260709_0434: DC 6518 EVSEs in 5.0s
2026-07-09T05:04:01+00:00 OK 20260709_0503: DC 6518 EVSEs, AC 161212 EVSEs in 6.0s
2026-07-09T05:33:08+00:00 OK 20260709_0533: DC 6518 EVSEs in 4.7s
2026-07-09T06:02:17+00:00 OK 20260709_0602: DC 6518 EVSEs, AC 161232 EVSEs in 7.1s
2026-07-09T06:31:24+00:00 OK 20260709_0631: DC 6518 EVSEs in 5.4s
2026-07-09T07:49:52+00:00 OK 20260709_0749: DC 6518 EVSEs, AC 161257 EVSEs in 6.8s
2026-07-09T08:18:59+00:00 OK 20260709_0818: DC 6518 EVSEs in 4.7s
2026-07-09T08:48:07+00:00 OK 20260709_0848: DC 6520 EVSEs, AC 161345 EVSEs in 7.0s
2026-07-09T09:17:13+00:00 OK 20260709_0917: DC 6520 EVSEs in 4.8s
2026-07-09T09:46:22+00:00 OK 20260709_0946: DC 6520 EVSEs, AC 161372 EVSEs in 7.3s
2026-07-09T10:15:28+00:00 OK 20260709_1015: DC 6520 EVSEs in 4.8s
2026-07-09T11:20:46+00:00 OK 20260709_1120: DC 6520 EVSEs, AC 161322 EVSEs in 6.3s
2026-07-09T11:49:52+00:00 OK 20260709_1149: DC 6520 EVSEs in 3.9s
2026-07-09T12:18:59+00:00 OK 20260709_1218: DC 6520 EVSEs, AC 161329 EVSEs in 5.9s
2026-07-09T12:48:04+00:00 OK 20260709_1248: DC 6520 EVSEs in 4.0s
2026-07-09T13:17:11+00:00 OK 20260709_1317: DC 6520 EVSEs, AC 161352 EVSEs in 5.6s
2026-07-09T13:46:17+00:00 OK 20260709_1346: DC 6520 EVSEs in 4.2s
2026-07-09T15:29:34+00:00 OK 20260709_1529: DC 6520 EVSEs, AC 161462 EVSEs in 8.3s
2026-07-09T15:58:42+00:00 OK 20260709_1558: DC 6520 EVSEs in 6.3s
2026-07-09T16:27:52+00:00 OK 20260709_1627: DC 6520 EVSEs, AC 161523 EVSEs in 8.3s
2026-07-09T16:57:00+00:00 OK 20260709_1656: DC 6520 EVSEs in 5.8s
2026-07-09T17:26:09+00:00 OK 20260709_1726: DC 6520 EVSEs, AC 161526 EVSEs in 7.5s
2026-07-09T17:55:17+00:00 OK 20260709_1755: DC 6520 EVSEs in 6.4s
2026-07-09T18:05:20+00:00 OK 20260709_1805: DC 6520 EVSEs in 4.1s
2026-07-09T18:34:29+00:00 OK 20260709_1834: DC 6520 EVSEs, AC 161534 EVSEs in 6.9s
2026-07-09T19:03:35+00:00 OK 20260709_1903: DC 6520 EVSEs in 5.1s
2026-07-09T19:32:43+00:00 OK 20260709_1932: DC 6520 EVSEs, AC 161534 EVSEs in 6.7s
2026-07-09T20:01:50+00:00 OK 20260709_2001: DC 6520 EVSEs in 5.0s
2026-07-09T20:30:59+00:00 OK 20260709_2030: DC 6520 EVSEs, AC 161536 EVSEs in 6.8s
2026-07-09T20:31:14+00:00 OK 20260709_2031: DC 6520 EVSEs in 4.5s
2026-07-09T21:00:20+00:00 OK 20260709_2100: DC 6520 EVSEs in 4.3s
2026-07-09T21:29:29+00:00 OK 20260709_2129: DC 6520 EVSEs, AC 161542 EVSEs in 6.8s
2026-07-09T21:58:35+00:00 OK 20260709_2158: DC 6520 EVSEs in 4.2s
2026-07-09T22:27:43+00:00 OK 20260709_2227: DC 6518 EVSEs, AC 161233 EVSEs in 6.6s
2026-07-09T22:56:49+00:00 OK 20260709_2256: DC 6518 EVSEs in 4.7s
2026-07-09T22:57:07+00:00 OK 20260709_2257: DC 6518 EVSEs in 5.1s
2026-07-09T23:26:15+00:00 OK 20260709_2326: DC 6518 EVSEs, AC 161274 EVSEs in 7.0s
2026-07-09T23:55:23+00:00 OK 20260709_2355: DC 6518 EVSEs in 5.7s
2026-07-10T00:24:32+00:00 OK 20260710_0024: DC 6518 EVSEs, AC 161299 EVSEs in 7.5s
2026-07-10T00:53:40+00:00 OK 20260710_0053: DC 6526 EVSEs in 6.1s
2026-07-10T01:22:49+00:00 OK 20260710_0122: DC 6526 EVSEs, AC 162221 EVSEs in 7.7s
2026-07-10T01:23:03+00:00 OK 20260710_0122: DC 6526 EVSEs in 4.2s
2026-07-10T01:52:09+00:00 OK 20260710_0152: DC 6526 EVSEs in 4.3s
2026-07-10T02:21:17+00:00 OK 20260710_0221: DC 6526 EVSEs, AC 162221 EVSEs in 6.1s
2026-07-10T02:50:22+00:00 OK 20260710_0250: DC 6526 EVSEs in 4.1s
2026-07-10T03:19:30+00:00 OK 20260710_0319: DC 6526 EVSEs, AC 162221 EVSEs in 6.4s
2026-07-10T03:48:37+00:00 OK 20260710_0348: DC 6526 EVSEs in 5.0s
2026-07-10T04:05:45+00:00 OK 20260710_0405: DC 6533 EVSEs in 5.2s
2026-07-10T04:34:53+00:00 OK 20260710_0434: DC 6533 EVSEs, AC 162244 EVSEs in 6.4s
2026-07-10T05:03:59+00:00 OK 20260710_0503: DC 6533 EVSEs in 4.6s
2026-07-10T05:33:07+00:00 OK 20260710_0533: DC 6533 EVSEs, AC 162244 EVSEs in 6.8s
2026-07-10T06:02:13+00:00 OK 20260710_0602: DC 6533 EVSEs in 4.7s
2026-07-10T06:31:22+00:00 OK 20260710_0631: DC 6533 EVSEs, AC 162242 EVSEs in 7.5s
2026-07-10T07:48:23+00:00 OK 20260710_0748: DC 6533 EVSEs, AC 162244 EVSEs in 7.4s
2026-07-10T08:17:31+00:00 OK 20260710_0817: DC 6533 EVSEs in 6.2s
2026-07-10T08:46:43+00:00 OK 20260710_0846: DC 6533 EVSEs, AC 162256 EVSEs in 10.0s
2026-07-10T09:15:50+00:00 OK 20260710_0915: DC 6533 EVSEs in 6.0s
2026-07-10T09:45:00+00:00 OK 20260710_0944: DC 6533 EVSEs, AC 162252 EVSEs in 7.5s
2026-07-10T10:14:07+00:00 OK 20260710_1014: DC 6533 EVSEs in 5.6s
2026-07-10T11:14:23+00:00 OK 20260710_1114: DC 6533 EVSEs, AC 162254 EVSEs in 6.2s
2026-07-10T11:43:30+00:00 OK 20260710_1143: DC 6533 EVSEs in 4.9s
2026-07-10T12:12:38+00:00 OK 20260710_1212: DC 6533 EVSEs, AC 162258 EVSEs in 6.8s
2026-07-10T12:41:44+00:00 OK 20260710_1241: DC 6533 EVSEs in 4.4s
2026-07-10T13:10:52+00:00 OK 20260710_1310: DC 6533 EVSEs, AC 162260 EVSEs in 6.2s
2026-07-10T13:39:58+00:00 OK 20260710_1339: DC 6533 EVSEs in 5.0s
2026-07-10T14:46:45+00:00 OK 20260710_1446: DC 6533 EVSEs, AC 162266 EVSEs in 7.0s
2026-07-10T15:15:51+00:00 OK 20260710_1515: DC 6533 EVSEs in 4.2s
2026-07-10T15:44:58+00:00 OK 20260710_1544: DC 6533 EVSEs, AC 162270 EVSEs in 6.1s
2026-07-10T16:14:04+00:00 OK 20260710_1614: DC 6529 EVSEs in 4.3s
2026-07-10T16:43:13+00:00 OK 20260710_1643: DC 6529 EVSEs, AC 162216 EVSEs in 7.1s
2026-07-10T17:12:19+00:00 OK 20260710_1712: DC 6529 EVSEs in 4.7s
2026-07-10T17:12:38+00:00 OK 20260710_1712: DC 6529 EVSEs in 6.5s
2026-07-10T17:41:49+00:00 OK 20260710_1741: DC 6529 EVSEs, AC 162216 EVSEs in 8.8s
2026-07-10T18:10:57+00:00 OK 20260710_1810: DC 6529 EVSEs in 6.8s
2026-07-10T18:40:07+00:00 OK 20260710_1839: DC 6529 EVSEs, AC 162216 EVSEs in 8.0s
2026-07-10T19:09:15+00:00 OK 20260710_1909: DC 6529 EVSEs in 6.6s
2026-07-10T19:38:24+00:00 OK 20260710_1938: DC 6529 EVSEs, AC 162216 EVSEs in 7.6s
2026-07-10T19:38:43+00:00 OK 20260710_1938: DC 6529 EVSEs in 5.5s
2026-07-10T20:07:50+00:00 OK 20260710_2007: DC 6529 EVSEs in 5.7s
2026-07-10T20:36:59+00:00 OK 20260710_2036: DC 6529 EVSEs, AC 162216 EVSEs in 7.7s
2026-07-10T21:06:07+00:00 OK 20260710_2106: DC 6529 EVSEs in 5.7s
2026-07-10T21:35:17+00:00 OK 20260710_2135: DC 6529 EVSEs, AC 162216 EVSEs in 8.0s
2026-07-10T22:04:24+00:00 OK 20260710_2204: DC 6527 EVSEs in 6.0s
2026-07-10T22:04:42+00:00 OK 20260710_2204: DC 6527 EVSEs in 5.2s
2026-07-10T22:33:51+00:00 OK 20260710_2233: DC 6523 EVSEs, AC 161293 EVSEs in 7.9s
2026-07-10T23:02:58+00:00 OK 20260710_2302: DC 6523 EVSEs in 4.9s
2026-07-10T23:32:07+00:00 OK 20260710_2331: DC 6523 EVSEs, AC 161319 EVSEs in 7.4s
2026-07-11T00:01:13+00:00 OK 20260711_0001: DC 6523 EVSEs in 5.2s
2026-07-11T00:30:23+00:00 OK 20260711_0030: DC 6523 EVSEs, AC 161342 EVSEs in 8.2s
2026-07-11T00:30:39+00:00 OK 20260711_0030: DC 6523 EVSEs in 5.4s
2026-07-11T00:59:45+00:00 OK 20260711_0059: DC 6523 EVSEs in 4.9s
2026-07-11T01:28:54+00:00 OK 20260711_0128: DC 6523 EVSEs, AC 161368 EVSEs in 7.2s
2026-07-11T01:58:00+00:00 OK 20260711_0157: DC 6523 EVSEs in 4.8s
2026-07-11T02:27:09+00:00 OK 20260711_0227: DC 6523 EVSEs, AC 161378 EVSEs in 7.8s
2026-07-11T02:56:16+00:00 OK 20260711_0256: DC 6523 EVSEs in 5.0s
2026-07-11T03:35:47+00:00 OK 20260711_0335: DC 6523 EVSEs, AC 161383 EVSEs in 7.1s
2026-07-11T04:04:54+00:00 OK 20260711_0404: DC 6527 EVSEs in 5.7s
2026-07-11T04:34:02+00:00 OK 20260711_0433: DC 6527 EVSEs, AC 161440 EVSEs in 6.9s
2026-07-11T05:03:09+00:00 OK 20260711_0503: DC 6527 EVSEs in 5.4s
2026-07-11T05:32:17+00:00 OK 20260711_0532: DC 6527 EVSEs, AC 161446 EVSEs in 6.8s
2026-07-11T06:01:24+00:00 OK 20260711_0601: DC 6527 EVSEs in 5.5s
2026-07-11T06:22:28+00:00 OK 20260711_0622: DC 6527 EVSEs in 4.6s
2026-07-11T06:51:35+00:00 OK 20260711_0651: DC 6527 EVSEs, AC 161462 EVSEs in 6.3s
2026-07-11T07:20:41+00:00 OK 20260711_0720: DC 6527 EVSEs in 4.6s
2026-07-11T07:49:49+00:00 OK 20260711_0749: DC 6527 EVSEs, AC 161473 EVSEs in 6.3s
2026-07-11T08:18:54+00:00 OK 20260711_0818: DC 6527 EVSEs in 4.3s
2026-07-11T08:48:02+00:00 OK 20260711_0847: DC 6527 EVSEs, AC 161502 EVSEs in 6.7s
2026-07-11T08:54:52+00:00 OK 20260711_0854: DC 6527 EVSEs in 4.7s
2026-07-11T09:23:58+00:00 OK 20260711_0923: DC 6527 EVSEs in 4.2s
2026-07-11T09:53:05+00:00 OK 20260711_0952: DC 6527 EVSEs, AC 161543 EVSEs in 6.3s
2026-07-11T10:22:11+00:00 OK 20260711_1022: DC 6527 EVSEs in 4.4s
2026-07-11T10:51:18+00:00 OK 20260711_1051: DC 6527 EVSEs, AC 161469 EVSEs in 6.1s
2026-07-11T11:20:24+00:00 OK 20260711_1120: DC 6527 EVSEs in 4.5s
2026-07-11T11:20:39+00:00 OK 20260711_1120: DC 6527 EVSEs in 4.4s
2026-07-11T11:49:47+00:00 OK 20260711_1149: DC 6527 EVSEs, AC 161473 EVSEs in 6.7s
2026-07-11T12:18:53+00:00 OK 20260711_1218: DC 6527 EVSEs in 4.5s
2026-07-11T12:48:01+00:00 OK 20260711_1247: DC 6527 EVSEs, AC 161477 EVSEs in 6.5s
2026-07-11T13:17:07+00:00 OK 20260711_1317: DC 6527 EVSEs in 4.6s
2026-07-11T13:46:15+00:00 OK 20260711_1346: DC 6527 EVSEs, AC 161480 EVSEs in 6.5s
2026-07-11T13:46:32+00:00 OK 20260711_1346: DC 6527 EVSEs in 4.8s
2026-07-11T14:15:38+00:00 OK 20260711_1415: DC 6527 EVSEs in 4.7s
2026-07-11T14:44:46+00:00 OK 20260711_1444: DC 6527 EVSEs, AC 161486 EVSEs in 7.0s
2026-07-11T15:13:53+00:00 OK 20260711_1513: DC 6527 EVSEs in 5.0s
2026-07-11T15:43:01+00:00 OK 20260711_1542: DC 6527 EVSEs, AC 161488 EVSEs in 7.3s
2026-07-11T16:12:08+00:00 OK 20260711_1612: DC 6527 EVSEs in 5.0s
2026-07-11T16:12:25+00:00 OK 20260711_1612: DC 6527 EVSEs in 5.1s
2026-07-11T16:41:35+00:00 OK 20260711_1641: DC 6527 EVSEs, AC 161447 EVSEs in 8.3s
2026-07-11T17:10:43+00:00 OK 20260711_1710: DC 6527 EVSEs in 5.8s
2026-07-11T17:39:52+00:00 OK 20260711_1739: DC 6527 EVSEs, AC 161500 EVSEs in 7.9s
2026-07-11T18:09:00+00:00 OK 20260711_1808: DC 6527 EVSEs in 6.3s
2026-07-11T18:38:09+00:00 OK 20260711_1838: DC 6527 EVSEs, AC 161549 EVSEs in 7.7s
2026-07-11T18:38:25+00:00 OK 20260711_1838: DC 6527 EVSEs in 4.2s
2026-07-11T19:07:32+00:00 OK 20260711_1907: DC 6527 EVSEs in 5.0s
2026-07-11T19:36:41+00:00 OK 20260711_1936: DC 6527 EVSEs, AC 161549 EVSEs in 7.2s
2026-07-11T20:05:47+00:00 OK 20260711_2005: DC 6527 EVSEs in 4.8s
2026-07-11T20:34:55+00:00 OK 20260711_2034: DC 6527 EVSEs, AC 161549 EVSEs in 7.2s
2026-07-11T21:04:02+00:00 OK 20260711_2103: DC 6527 EVSEs in 4.9s
2026-07-11T21:04:16+00:00 OK 20260711_2104: DC 6527 EVSEs in 4.6s
2026-07-11T21:33:25+00:00 OK 20260711_2133: DC 6527 EVSEs, AC 161549 EVSEs in 7.0s
2026-07-11T22:02:31+00:00 OK 20260711_2202: DC 6527 EVSEs in 4.6s
2026-07-11T22:31:39+00:00 OK 20260711_2231: DC 6527 EVSEs, AC 161341 EVSEs in 6.8s
2026-07-11T23:00:45+00:00 OK 20260711_2300: DC 6527 EVSEs in 5.1s
2026-07-11T23:29:53+00:00 OK 20260711_2329: DC 6527 EVSEs, AC 161390 EVSEs in 7.0s
2026-07-11T23:30:12+00:00 OK 20260711_2330: DC 6527 EVSEs in 5.3s
2026-07-11T23:59:18+00:00 OK 20260711_2359: DC 6527 EVSEs in 4.9s
2026-07-12T00:28:27+00:00 OK 20260712_0028: DC 6527 EVSEs, AC 161394 EVSEs in 7.1s
2026-07-12T00:57:33+00:00 OK 20260712_0057: DC 6527 EVSEs in 5.4s
2026-07-12T01:26:41+00:00 OK 20260712_0126: DC 6527 EVSEs, AC 161394 EVSEs in 6.7s
2026-07-12T01:55:53+00:00 OK 20260712_0155: DC 6527 EVSEs in 5.5s
2026-07-12T01:56:15+00:00 OK 20260712_0156: DC 6527 EVSEs in 7.4s
2026-07-12T02:25:26+00:00 OK 20260712_0225: DC 6527 EVSEs, AC 161394 EVSEs in 9.2s
2026-07-12T02:54:34+00:00 OK 20260712_0254: DC 6527 EVSEs in 6.8s
2026-07-12T03:23:44+00:00 OK 20260712_0323: DC 6527 EVSEs, AC 161394 EVSEs in 8.3s
2026-07-12T03:52:51+00:00 OK 20260712_0352: DC 6527 EVSEs in 5.5s
2026-07-12T04:22:00+00:00 OK 20260712_0421: DC 6527 EVSEs, AC 161394 EVSEs in 7.9s
2026-07-12T04:22:20+00:00 OK 20260712_0422: DC 6527 EVSEs in 6.0s
2026-07-12T04:51:27+00:00 OK 20260712_0451: DC 6527 EVSEs in 5.7s
2026-07-12T05:20:36+00:00 OK 20260712_0520: DC 6527 EVSEs, AC 161394 EVSEs in 8.2s
2026-07-12T05:49:44+00:00 OK 20260712_0549: DC 6527 EVSEs in 6.2s
2026-07-12T06:18:53+00:00 OK 20260712_0618: DC 6527 EVSEs, AC 161394 EVSEs in 7.8s
2026-07-12T06:48:00+00:00 OK 20260712_0647: DC 6527 EVSEs in 5.7s
2026-07-12T06:48:23+00:00 OK 20260712_0648: DC 6527 EVSEs in 7.0s
2026-07-12T07:17:34+00:00 OK 20260712_0717: DC 6527 EVSEs, AC 161394 EVSEs in 8.7s
2026-07-12T07:46:43+00:00 OK 20260712_0746: DC 6527 EVSEs in 7.6s
2026-07-12T08:15:53+00:00 OK 20260712_0815: DC 6527 EVSEs, AC 161394 EVSEs in 8.7s
2026-07-12T08:45:01+00:00 OK 20260712_0844: DC 6527 EVSEs in 6.2s
2026-07-12T09:14:10+00:00 OK 20260712_0914: DC 6527 EVSEs, AC 161394 EVSEs in 8.1s
2026-07-12T09:14:29+00:00 OK 20260712_0914: DC 6527 EVSEs in 5.2s
2026-07-12T09:43:35+00:00 OK 20260712_0943: DC 6527 EVSEs in 5.1s
2026-07-12T10:12:44+00:00 OK 20260712_1012: DC 6527 EVSEs, AC 161394 EVSEs in 7.5s
2026-07-12T10:41:51+00:00 OK 20260712_1041: DC 6527 EVSEs in 5.6s
2026-07-12T11:11:00+00:00 OK 20260712_1110: DC 6527 EVSEs, AC 161394 EVSEs in 8.0s
2026-07-12T11:40:07+00:00 OK 20260712_1140: DC 6527 EVSEs in 4.9s
2026-07-12T11:40:25+00:00 OK 20260712_1140: DC 6527 EVSEs in 5.0s
2026-07-12T12:09:34+00:00 OK 20260712_1209: DC 6527 EVSEs, AC 161394 EVSEs in 7.5s
2026-07-12T12:38:42+00:00 OK 20260712_1238: DC 6527 EVSEs in 5.8s
2026-07-12T13:07:51+00:00 OK 20260712_1307: DC 6527 EVSEs, AC 161394 EVSEs in 7.6s
2026-07-12T13:36:58+00:00 OK 20260712_1336: DC 6527 EVSEs in 5.6s
2026-07-12T14:06:07+00:00 OK 20260712_1405: DC 6527 EVSEs, AC 161394 EVSEs in 7.9s
2026-07-12T14:06:26+00:00 OK 20260712_1406: DC 6527 EVSEs in 5.1s
2026-07-12T14:35:33+00:00 OK 20260712_1435: DC 6527 EVSEs in 5.1s
2026-07-12T15:04:41+00:00 OK 20260712_1504: DC 6527 EVSEs, AC 161394 EVSEs in 7.4s
2026-07-12T15:33:48+00:00 OK 20260712_1533: DC 6527 EVSEs in 4.8s
2026-07-12T16:02:57+00:00 OK 20260712_1602: DC 6527 EVSEs, AC 161394 EVSEs in 8.0s
2026-07-12T16:32:03+00:00 OK 20260712_1631: DC 6527 EVSEs in 4.6s
2026-07-12T16:32:23+00:00 OK 20260712_1632: DC 6527 EVSEs in 6.1s
2026-07-12T17:01:32+00:00 OK 20260712_1701: DC 6527 EVSEs, AC 161394 EVSEs in 7.8s
2026-07-12T17:30:39+00:00 OK 20260712_1730: DC 6527 EVSEs in 5.4s
2026-07-12T17:59:47+00:00 OK 20260712_1759: DC 6527 EVSEs, AC 161394 EVSEs in 6.9s
2026-07-12T18:28:59+00:00 OK 20260712_1828: DC 6527 EVSEs in 5.3s
2026-07-12T18:58:08+00:00 OK 20260712_1858: DC 6527 EVSEs, AC 161394 EVSEs in 7.5s
2026-07-12T18:58:27+00:00 OK 20260712_1858: DC 6527 EVSEs in 5.4s
2026-07-12T19:27:33+00:00 OK 20260712_1927: DC 6527 EVSEs in 4.9s
2026-07-12T19:56:42+00:00 OK 20260712_1956: DC 6527 EVSEs, AC 161394 EVSEs in 8.0s
2026-07-12T20:25:49+00:00 OK 20260712_2025: DC 6527 EVSEs in 4.7s
2026-07-12T20:54:59+00:00 OK 20260712_2054: DC 6527 EVSEs, AC 161394 EVSEs in 8.7s
2026-07-12T21:24:05+00:00 OK 20260712_2124: DC 6527 EVSEs in 4.7s
2026-07-12T21:24:24+00:00 OK 20260712_2124: DC 6527 EVSEs in 5.9s
2026-07-12T21:53:37+00:00 OK 20260712_2153: DC 6527 EVSEs, AC 161394 EVSEs in 10.6s
2026-07-12T22:22:44+00:00 OK 20260712_2222: DC 6527 EVSEs in 5.5s
2026-07-12T22:51:53+00:00 OK 20260712_2251: DC 6527 EVSEs, AC 161394 EVSEs in 8.2s
2026-07-12T23:21:01+00:00 OK 20260712_2320: DC 6527 EVSEs in 6.0s
2026-07-12T23:50:10+00:00 OK 20260712_2350: DC 6527 EVSEs, AC 161394 EVSEs in 8.3s
2026-07-12T23:50:27+00:00 OK 20260712_2350: DC 6527 EVSEs in 4.7s
2026-07-13T00:19:33+00:00 OK 20260713_0019: DC 6527 EVSEs in 4.4s
2026-07-13T00:48:40+00:00 OK 20260713_0048: DC 6527 EVSEs, AC 161394 EVSEs in 6.2s
2026-07-13T01:17:46+00:00 OK 20260713_0117: DC 6527 EVSEs in 4.5s
2026-07-13T01:46:53+00:00 OK 20260713_0146: DC 6527 EVSEs, AC 161394 EVSEs in 6.1s
2026-07-13T02:15:59+00:00 OK 20260713_0215: DC 6527 EVSEs in 4.2s
2026-07-13T02:16:13+00:00 OK 20260713_0216: DC 6527 EVSEs in 4.2s
2026-07-13T03:48:40+00:00 OK 20260713_0348: DC 6527 EVSEs, AC 161394 EVSEs in 7.1s
2026-07-13T04:17:46+00:00 OK 20260713_0417: DC 6527 EVSEs in 5.0s
2026-07-13T04:46:56+00:00 OK 20260713_0446: DC 6527 EVSEs, AC 161394 EVSEs in 7.9s
2026-07-13T05:16:02+00:00 OK 20260713_0515: DC 6527 EVSEs in 5.2s
2026-07-13T05:45:11+00:00 OK 20260713_0545: DC 6527 EVSEs, AC 161394 EVSEs in 7.7s
2026-07-13T07:31:06+00:00 OK 20260713_0731: DC 6527 EVSEs, AC 161394 EVSEs in 6.5s
2026-07-13T08:00:14+00:00 OK 20260713_0800: DC 6526 EVSEs in 6.1s, referentie ververst (167963 EVSEs)
2026-07-13T08:29:23+00:00 OK 20260713_0829: DC 6526 EVSEs, AC 161450 EVSEs in 6.6s
2026-07-13T08:58:28+00:00 OK 20260713_0858: DC 6526 EVSEs in 4.3s
2026-07-13T09:27:37+00:00 OK 20260713_0927: DC 6526 EVSEs, AC 161474 EVSEs in 6.8s
2026-07-13T09:56:42+00:00 OK 20260713_0956: DC 6526 EVSEs in 4.0s
2026-07-13T11:24:03+00:00 OK 20260713_1123: DC 6530 EVSEs, AC 161435 EVSEs in 7.4s
2026-07-13T11:53:11+00:00 OK 20260713_1153: DC 6538 EVSEs in 5.5s
2026-07-13T12:22:20+00:00 OK 20260713_1222: DC 6538 EVSEs, AC 162204 EVSEs in 8.1s
2026-07-13T12:51:28+00:00 OK 20260713_1251: DC 6538 EVSEs in 5.9s
2026-07-13T13:20:38+00:00 OK 20260713_1320: DC 6538 EVSEs, AC 162212 EVSEs in 8.3s
2026-07-13T13:49:45+00:00 OK 20260713_1349: DC 6538 EVSEs in 5.3s
2026-07-13T14:54:04+00:00 OK 20260713_1453: DC 6538 EVSEs, AC 162237 EVSEs in 7.6s
2026-07-13T15:23:13+00:00 OK 20260713_1523: DC 6538 EVSEs in 7.1s
2026-07-13T15:52:22+00:00 OK 20260713_1552: DC 6538 EVSEs, AC 162243 EVSEs in 7.4s
2026-07-13T16:21:28+00:00 OK 20260713_1621: DC 6540 EVSEs in 4.2s
2026-07-13T16:50:36+00:00 OK 20260713_1650: DC 6540 EVSEs, AC 162205 EVSEs in 7.3s
2026-07-13T17:19:42+00:00 OK 20260713_1719: DC 6540 EVSEs in 4.3s
2026-07-13T17:20:23+00:00 OK 20260713_1720: DC 6540 EVSEs in 5.0s
2026-07-13T17:49:33+00:00 OK 20260713_1749: DC 6540 EVSEs, AC 162205 EVSEs in 7.5s
2026-07-13T18:18:41+00:00 OK 20260713_1818: DC 6540 EVSEs in 6.6s
2026-07-13T18:47:51+00:00 OK 20260713_1847: DC 6540 EVSEs, AC 162205 EVSEs in 8.0s
2026-07-13T19:17:00+00:00 OK 20260713_1916: DC 6540 EVSEs in 5.3s
2026-07-13T19:46:09+00:00 OK 20260713_1946: DC 6540 EVSEs, AC 162205 EVSEs in 7.8s
2026-07-13T19:46:27+00:00 OK 20260713_1946: DC 6540 EVSEs in 4.3s
2026-07-13T20:15:32+00:00 OK 20260713_2015: DC 6540 EVSEs in 4.0s
2026-07-13T20:44:40+00:00 OK 20260713_2044: DC 6540 EVSEs, AC 162205 EVSEs in 6.5s
2026-07-13T21:13:47+00:00 OK 20260713_2113: DC 6540 EVSEs in 4.8s
2026-07-13T21:42:55+00:00 OK 20260713_2142: DC 6540 EVSEs, AC 162205 EVSEs in 6.7s
2026-07-13T22:12:00+00:00 OK 20260713_2211: DC 6534 EVSEs in 4.2s
2026-07-13T22:12:16+00:00 OK 20260713_2212: DC 6534 EVSEs in 4.5s
2026-07-13T22:41:25+00:00 OK 20260713_2241: DC 6534 EVSEs, AC 161440 EVSEs in 7.5s
2026-07-13T23:10:32+00:00 OK 20260713_2310: DC 6534 EVSEs in 5.3s
2026-07-13T23:39:40+00:00 OK 20260713_2339: DC 6534 EVSEs, AC 161460 EVSEs in 6.5s
2026-07-14T00:08:47+00:00 OK 20260714_0008: DC 6534 EVSEs in 5.7s
2026-07-14T00:37:55+00:00 OK 20260714_0037: DC 6534 EVSEs, AC 161470 EVSEs in 6.9s
2026-07-14T00:38:13+00:00 OK 20260714_0038: DC 6534 EVSEs in 5.2s
2026-07-14T01:07:21+00:00 OK 20260714_0107: DC 6534 EVSEs in 6.8s
2026-07-14T01:36:30+00:00 OK 20260714_0136: DC 6534 EVSEs, AC 161481 EVSEs in 7.8s
2026-07-14T02:05:38+00:00 OK 20260714_0205: DC 6534 EVSEs in 5.6s
2026-07-14T02:34:47+00:00 OK 20260714_0234: DC 6534 EVSEs, AC 161493 EVSEs in 7.9s
2026-07-14T03:03:55+00:00 OK 20260714_0303: DC 6534 EVSEs in 6.5s
2026-07-14T03:21:15+00:00 OK 20260714_0321: DC 6534 EVSEs in 5.0s
2026-07-14T03:50:22+00:00 OK 20260714_0350: DC 6534 EVSEs, AC 161505 EVSEs in 5.8s
2026-07-14T04:19:27+00:00 OK 20260714_0419: DC 6538 EVSEs in 3.9s
2026-07-14T04:48:35+00:00 OK 20260714_0448: DC 6538 EVSEs, AC 163282 EVSEs in 6.9s
2026-07-14T05:17:41+00:00 OK 20260714_0517: DC 6538 EVSEs in 4.8s
2026-07-14T05:46:48+00:00 OK 20260714_0546: DC 6538 EVSEs, AC 163288 EVSEs in 5.8s
2026-07-14T06:20:13+00:00 OK 20260714_0620: DC 6538 EVSEs in 4.5s
2026-07-14T06:49:22+00:00 OK 20260714_0649: DC 6538 EVSEs, AC 163450 EVSEs in 7.3s
2026-07-14T07:18:28+00:00 OK 20260714_0718: DC 6546 EVSEs in 4.5s
2026-07-14T07:47:37+00:00 OK 20260714_0747: DC 6546 EVSEs, AC 164035 EVSEs in 7.2s
2026-07-14T08:16:43+00:00 OK 20260714_0816: DC 6546 EVSEs in 4.7s
2026-07-14T08:45:52+00:00 OK 20260714_0845: DC 6546 EVSEs, AC 164049 EVSEs in 7.6s
2026-07-14T09:11:43+00:00 OK 20260714_0911: DC 6546 EVSEs in 5.8s
2026-07-14T09:40:53+00:00 OK 20260714_0940: DC 6546 EVSEs, AC 164057 EVSEs in 8.0s
2026-07-14T10:10:02+00:00 OK 20260714_1009: DC 6536 EVSEs in 6.4s
2026-07-14T10:39:11+00:00 OK 20260714_1039: DC 6536 EVSEs, AC 162609 EVSEs in 8.1s
2026-07-14T11:08:19+00:00 OK 20260714_1108: DC 6536 EVSEs in 5.5s
2026-07-14T11:37:32+00:00 OK 20260714_1137: DC 6536 EVSEs, AC 162613 EVSEs in 11.9s
2026-07-14T11:39:12+00:00 OK 20260714_1139: DC 6536 EVSEs in 7.9s
2026-07-14T12:08:19+00:00 OK 20260714_1208: DC 6536 EVSEs in 5.3s
2026-07-14T12:37:29+00:00 OK 20260714_1237: DC 6536 EVSEs, AC 162628 EVSEs in 7.9s
2026-07-14T13:06:35+00:00 OK 20260714_1306: DC 6536 EVSEs in 4.8s
2026-07-14T13:35:44+00:00 OK 20260714_1335: DC 6536 EVSEs, AC 162632 EVSEs in 7.3s
2026-07-14T14:04:50+00:00 OK 20260714_1404: DC 6536 EVSEs in 4.6s
2026-07-14T14:05:26+00:00 OK 20260714_1405: DC 6536 EVSEs in 4.4s
2026-07-14T14:34:33+00:00 OK 20260714_1434: DC 6536 EVSEs, AC 162644 EVSEs in 6.1s
2026-07-14T15:03:39+00:00 OK 20260714_1503: DC 6536 EVSEs in 4.4s
2026-07-14T15:32:47+00:00 OK 20260714_1532: DC 6536 EVSEs, AC 162654 EVSEs in 6.1s
2026-07-14T16:01:54+00:00 OK 20260714_1601: DC 6536 EVSEs in 5.9s
2026-07-14T16:31:02+00:00 OK 20260714_1630: DC 6536 EVSEs, AC 162566 EVSEs in 6.5s
2026-07-14T16:31:23+00:00 OK 20260714_1631: DC 6536 EVSEs in 5.6s
2026-07-14T17:00:30+00:00 OK 20260714_1700: DC 6536 EVSEs in 5.7s
2026-07-14T17:29:39+00:00 OK 20260714_1729: DC 6536 EVSEs, AC 162566 EVSEs in 7.1s
2026-07-14T17:58:45+00:00 OK 20260714_1758: DC 6536 EVSEs in 4.3s
2026-07-14T18:27:53+00:00 OK 20260714_1827: DC 6536 EVSEs, AC 162566 EVSEs in 7.1s
2026-07-14T18:57:00+00:00 OK 20260714_1856: DC 6536 EVSEs in 5.0s
2026-07-14T18:57:21+00:00 OK 20260714_1857: DC 6536 EVSEs in 6.1s
2026-07-14T19:26:30+00:00 OK 20260714_1926: DC 6536 EVSEs, AC 162566 EVSEs in 7.6s
2026-07-14T19:55:38+00:00 OK 20260714_1955: DC 6536 EVSEs in 5.9s
2026-07-14T20:24:46+00:00 OK 20260714_2024: DC 6536 EVSEs, AC 162566 EVSEs in 7.1s
2026-07-14T20:53:53+00:00 OK 20260714_2053: DC 6536 EVSEs in 5.3s
2026-07-14T21:23:03+00:00 OK 20260714_2122: DC 6536 EVSEs, AC 162566 EVSEs in 7.5s
2026-07-14T21:23:25+00:00 OK 20260714_2123: DC 6536 EVSEs in 5.9s
2026-07-14T21:52:31+00:00 OK 20260714_2152: DC 6536 EVSEs in 5.4s
2026-07-14T22:21:40+00:00 OK 20260714_2221: DC 6530 EVSEs, AC 161755 EVSEs in 7.2s
2026-07-14T22:50:48+00:00 OK 20260714_2250: DC 6530 EVSEs in 5.5s
2026-07-14T23:19:57+00:00 OK 20260714_2319: DC 6530 EVSEs, AC 161763 EVSEs in 7.6s
2026-07-14T23:49:04+00:00 OK 20260714_2348: DC 6530 EVSEs in 5.7s
2026-07-14T23:49:23+00:00 OK 20260714_2349: DC 6530 EVSEs in 5.0s
2026-07-15T00:18:32+00:00 OK 20260715_0018: DC 6530 EVSEs, AC 161806 EVSEs in 7.6s
2026-07-15T00:47:38+00:00 OK 20260715_0047: DC 6530 EVSEs in 4.4s
2026-07-15T01:16:47+00:00 OK 20260715_0116: DC 6530 EVSEs, AC 161830 EVSEs in 7.7s
2026-07-15T01:45:53+00:00 OK 20260715_0145: DC 6530 EVSEs in 5.2s
2026-07-15T02:15:02+00:00 OK 20260715_0214: DC 6530 EVSEs, AC 161855 EVSEs in 7.1s
2026-07-15T02:15:21+00:00 OK 20260715_0215: DC 6530 EVSEs in 5.2s
2026-07-15T02:44:27+00:00 OK 20260715_0244: DC 6530 EVSEs in 5.0s
2026-07-15T03:13:36+00:00 OK 20260715_0313: DC 6530 EVSEs, AC 161864 EVSEs in 7.1s
2026-07-15T03:42:43+00:00 OK 20260715_0342: DC 6530 EVSEs in 5.8s
2026-07-15T04:11:51+00:00 OK 20260715_0411: DC 6536 EVSEs, AC 161898 EVSEs in 6.7s
2026-07-15T04:40:58+00:00 OK 20260715_0440: DC 6536 EVSEs in 5.0s
2026-07-15T04:41:18+00:00 OK 20260715_0441: DC 6536 EVSEs in 5.6s
2026-07-15T05:10:27+00:00 OK 20260715_0510: DC 6536 EVSEs, AC 161906 EVSEs in 7.8s
2026-07-15T05:39:34+00:00 OK 20260715_0539: DC 6536 EVSEs in 5.6s
2026-07-15T06:08:44+00:00 OK 20260715_0608: DC 6536 EVSEs, AC 161921 EVSEs in 7.6s
2026-07-15T06:37:51+00:00 OK 20260715_0637: DC 6536 EVSEs in 6.0s
2026-07-15T07:07:01+00:00 OK 20260715_0706: DC 6536 EVSEs, AC 161927 EVSEs in 7.7s
2026-07-15T07:07:23+00:00 OK 20260715_0707: DC 6536 EVSEs in 5.5s
2026-07-15T07:36:30+00:00 OK 20260715_0736: DC 6536 EVSEs in 5.3s
2026-07-15T08:05:38+00:00 OK 20260715_0805: DC 6544 EVSEs, AC 162770 EVSEs in 7.3s
2026-07-15T08:34:45+00:00 OK 20260715_0834: DC 6544 EVSEs in 5.1s
2026-07-15T09:03:54+00:00 OK 20260715_0903: DC 6544 EVSEs, AC 162782 EVSEs in 7.0s
2026-07-15T09:33:01+00:00 OK 20260715_0932: DC 6544 EVSEs in 5.4s
2026-07-15T09:33:23+00:00 OK 20260715_0933: DC 6544 EVSEs in 6.4s
2026-07-15T10:02:33+00:00 OK 20260715_1002: DC 6544 EVSEs, AC 162601 EVSEs in 8.3s
2026-07-15T10:31:40+00:00 OK 20260715_1031: DC 6544 EVSEs in 5.5s
2026-07-15T11:00:50+00:00 OK 20260715_1100: DC 6544 EVSEs, AC 162726 EVSEs in 7.6s
2026-07-15T11:29:57+00:00 OK 20260715_1129: DC 6544 EVSEs in 5.1s
2026-07-15T11:59:07+00:00 OK 20260715_1158: DC 6544 EVSEs, AC 162744 EVSEs in 9.0s
2026-07-15T11:59:29+00:00 OK 20260715_1159: DC 6544 EVSEs in 4.9s
2026-07-15T12:28:36+00:00 OK 20260715_1228: DC 6544 EVSEs in 4.8s
2026-07-15T12:57:44+00:00 OK 20260715_1257: DC 6544 EVSEs, AC 162750 EVSEs in 7.0s
2026-07-15T13:26:51+00:00 OK 20260715_1326: DC 6544 EVSEs in 4.8s
2026-07-15T13:56:00+00:00 OK 20260715_1355: DC 6544 EVSEs, AC 162758 EVSEs in 7.3s
2026-07-15T14:25:07+00:00 OK 20260715_1425: DC 6544 EVSEs in 5.4s
2026-07-15T14:25:27+00:00 OK 20260715_1425: DC 6544 EVSEs in 4.7s
2026-07-15T14:54:36+00:00 OK 20260715_1454: DC 6544 EVSEs, AC 162764 EVSEs in 7.2s
2026-07-15T15:23:43+00:00 OK 20260715_1523: DC 6544 EVSEs in 4.6s
2026-07-15T15:52:52+00:00 OK 20260715_1552: DC 6544 EVSEs, AC 162764 EVSEs in 7.5s
2026-07-15T16:21:58+00:00 OK 20260715_1621: DC 6534 EVSEs in 4.5s
2026-07-15T16:51:07+00:00 OK 20260715_1651: DC 6534 EVSEs, AC 162665 EVSEs in 7.3s
2026-07-15T16:51:24+00:00 OK 20260715_1651: DC 6534 EVSEs in 5.3s
2026-07-15T17:20:31+00:00 OK 20260715_1720: DC 6534 EVSEs in 4.9s
2026-07-15T17:49:41+00:00 OK 20260715_1749: DC 6534 EVSEs, AC 162665 EVSEs in 8.2s
2026-07-15T18:18:47+00:00 OK 20260715_1818: DC 6534 EVSEs in 4.7s
2026-07-15T18:47:56+00:00 OK 20260715_1847: DC 6534 EVSEs, AC 162665 EVSEs in 7.7s
2026-07-15T19:17:03+00:00 OK 20260715_1916: DC 6534 EVSEs in 5.0s
2026-07-15T19:17:22+00:00 OK 20260715_1917: DC 6534 EVSEs in 5.7s
2026-07-15T19:46:31+00:00 OK 20260715_1946: DC 6534 EVSEs, AC 162665 EVSEs in 7.5s
2026-07-15T20:15:39+00:00 OK 20260715_2015: DC 6534 EVSEs in 6.2s
2026-07-15T20:44:47+00:00 OK 20260715_2044: DC 6534 EVSEs, AC 162665 EVSEs in 7.2s
2026-07-15T21:13:54+00:00 OK 20260715_2113: DC 6534 EVSEs in 5.4s
2026-07-15T21:43:04+00:00 OK 20260715_2142: DC 6534 EVSEs, AC 162665 EVSEs in 7.8s
2026-07-15T21:43:25+00:00 OK 20260715_2143: DC 6534 EVSEs in 6.7s
2026-07-15T22:12:33+00:00 OK 20260715_2212: DC 6544 EVSEs in 6.2s
2026-07-15T22:41:42+00:00 OK 20260715_2241: DC 6544 EVSEs, AC 161868 EVSEs in 7.5s
2026-07-15T23:10:49+00:00 OK 20260715_2310: DC 6544 EVSEs in 5.8s
2026-07-15T23:39:59+00:00 OK 20260715_2339: DC 6544 EVSEs, AC 161879 EVSEs in 8.1s
2026-07-16T00:09:06+00:00 OK 20260716_0009: DC 6544 EVSEs in 6.0s
2026-07-16T00:09:24+00:00 OK 20260716_0009: DC 6544 EVSEs in 5.1s
2026-07-16T00:38:32+00:00 OK 20260716_0038: DC 6544 EVSEs, AC 161917 EVSEs in 6.9s
2026-07-16T01:07:38+00:00 OK 20260716_0107: DC 6544 EVSEs in 4.3s
2026-07-16T01:36:46+00:00 OK 20260716_0136: DC 6544 EVSEs, AC 161983 EVSEs in 6.4s
2026-07-16T02:05:51+00:00 OK 20260716_0205: DC 6544 EVSEs in 4.3s
2026-07-16T02:35:00+00:00 OK 20260716_0234: DC 6544 EVSEs, AC 162033 EVSEs in 7.3s
2026-07-16T03:31:35+00:00 OK 20260716_0331: DC 6544 EVSEs, AC 162073 EVSEs in 6.5s
2026-07-16T04:00:41+00:00 OK 20260716_0400: DC 6544 EVSEs in 4.0s
2026-07-16T04:29:49+00:00 OK 20260716_0429: DC 6557 EVSEs, AC 162331 EVSEs in 6.3s
2026-07-16T04:58:55+00:00 OK 20260716_0458: DC 6557 EVSEs in 4.2s
2026-07-16T05:28:03+00:00 OK 20260716_0527: DC 6557 EVSEs, AC 162382 EVSEs in 6.6s
2026-07-16T05:57:08+00:00 OK 20260716_0557: DC 6557 EVSEs in 4.2s
2026-07-16T06:27:11+00:00 OK 20260716_0627: DC 6557 EVSEs, AC 162405 EVSEs in 7.1s
2026-07-16T06:56:18+00:00 OK 20260716_0656: DC 6557 EVSEs in 4.7s
2026-07-16T07:25:27+00:00 OK 20260716_0725: DC 6557 EVSEs, AC 162436 EVSEs in 7.5s
2026-07-16T07:54:35+00:00 OK 20260716_0754: DC 6557 EVSEs in 6.0s
2026-07-16T08:23:43+00:00 OK 20260716_0823: DC 6557 EVSEs, AC 162456 EVSEs in 7.2s
2026-07-16T08:52:50+00:00 OK 20260716_0852: DC 6565 EVSEs in 4.6s
2026-07-16T09:22:02+00:00 OK 20260716_0921: DC 6565 EVSEs, AC 163057 EVSEs in 8.4s
2026-07-16T09:51:11+00:00 OK 20260716_0951: DC 6565 EVSEs in 6.6s
2026-07-16T10:20:21+00:00 OK 20260716_1020: DC 6562 EVSEs, AC 162941 EVSEs in 8.5s
2026-07-16T10:49:30+00:00 OK 20260716_1049: DC 6562 EVSEs in 6.8s
2026-07-16T11:18:42+00:00 OK 20260716_1118: DC 6562 EVSEs, AC 162951 EVSEs in 10.6s
2026-07-16T11:47:50+00:00 OK 20260716_1147: DC 6562 EVSEs in 6.1s
2026-07-16T11:48:10+00:00 OK 20260716_1148: DC 6562 EVSEs in 5.1s
2026-07-16T12:17:19+00:00 OK 20260716_1217: DC 6562 EVSEs, AC 162971 EVSEs in 7.9s
2026-07-16T12:46:26+00:00 OK 20260716_1246: DC 6562 EVSEs in 5.4s
2026-07-16T13:15:36+00:00 OK 20260716_1315: DC 6562 EVSEs, AC 162979 EVSEs in 7.7s
2026-07-16T13:44:43+00:00 OK 20260716_1344: DC 6562 EVSEs in 5.2s
2026-07-16T14:13:53+00:00 OK 20260716_1413: DC 6562 EVSEs, AC 162987 EVSEs in 8.0s
2026-07-16T14:14:16+00:00 OK 20260716_1414: DC 6562 EVSEs in 6.1s
2026-07-16T14:43:24+00:00 OK 20260716_1443: DC 6562 EVSEs in 5.3s
2026-07-16T15:12:34+00:00 OK 20260716_1512: DC 6562 EVSEs, AC 163001 EVSEs in 8.4s
2026-07-16T15:41:42+00:00 OK 20260716_1541: DC 6562 EVSEs in 6.3s
2026-07-16T16:10:51+00:00 OK 20260716_1610: DC 6566 EVSEs, AC 162874 EVSEs in 7.6s
2026-07-16T16:39:58+00:00 OK 20260716_1639: DC 6566 EVSEs in 5.6s
2026-07-16T16:40:17+00:00 OK 20260716_1640: DC 6566 EVSEs in 4.5s
2026-07-16T17:09:26+00:00 OK 20260716_1709: DC 6566 EVSEs, AC 162876 EVSEs in 7.2s
2026-07-16T17:38:32+00:00 OK 20260716_1738: DC 6566 EVSEs in 4.7s
2026-07-16T18:07:41+00:00 OK 20260716_1807: DC 6566 EVSEs, AC 162876 EVSEs in 7.4s
2026-07-16T18:36:48+00:00 OK 20260716_1836: DC 6566 EVSEs in 4.7s
2026-07-16T19:05:57+00:00 OK 20260716_1905: DC 6566 EVSEs, AC 162876 EVSEs in 7.4s
2026-07-16T19:06:19+00:00 OK 20260716_1906: DC 6566 EVSEs in 7.0s
2026-07-16T19:35:26+00:00 OK 20260716_1935: DC 6566 EVSEs in 5.9s
2026-07-16T20:04:37+00:00 OK 20260716_2004: DC 6566 EVSEs, AC 162876 EVSEs in 8.7s
2026-07-16T20:33:45+00:00 OK 20260716_2033: DC 6566 EVSEs in 7.0s
2026-07-16T21:02:55+00:00 OK 20260716_2102: DC 6566 EVSEs, AC 162876 EVSEs in 7.9s
2026-07-16T21:32:04+00:00 OK 20260716_2131: DC 6566 EVSEs in 6.8s
2026-07-16T21:32:26+00:00 OK 20260716_2132: DC 6566 EVSEs in 5.3s
2026-07-16T22:01:35+00:00 OK 20260716_2201: DC 6566 EVSEs, AC 162876 EVSEs in 7.6s
2026-07-16T22:30:42+00:00 OK 20260716_2230: DC 6558 EVSEs in 5.0s
2026-07-16T22:59:51+00:00 OK 20260716_2259: DC 6558 EVSEs, AC 162128 EVSEs in 7.4s
2026-07-16T23:28:59+00:00 OK 20260716_2328: DC 6558 EVSEs in 6.0s
2026-07-16T23:58:07+00:00 OK 20260716_2358: DC 6558 EVSEs, AC 162146 EVSEs in 6.8s
2026-07-16T23:58:27+00:00 OK 20260716_2358: DC 6558 EVSEs in 5.4s
2026-07-17T00:27:33+00:00 OK 20260717_0027: DC 6558 EVSEs in 5.0s
2026-07-17T00:56:43+00:00 OK 20260717_0056: DC 6558 EVSEs, AC 162150 EVSEs in 8.1s
2026-07-17T01:25:50+00:00 OK 20260717_0125: DC 6558 EVSEs in 4.9s
2026-07-17T01:54:59+00:00 OK 20260717_0154: DC 6558 EVSEs, AC 162163 EVSEs in 7.5s
2026-07-17T02:24:05+00:00 OK 20260717_0224: DC 6558 EVSEs in 4.7s
2026-07-17T02:24:24+00:00 OK 20260717_0224: DC 6558 EVSEs in 4.5s
2026-07-17T02:53:32+00:00 OK 20260717_0253: DC 6558 EVSEs, AC 162175 EVSEs in 6.8s
2026-07-17T03:22:38+00:00 OK 20260717_0322: DC 6558 EVSEs in 4.4s
2026-07-17T03:51:46+00:00 OK 20260717_0351: DC 6558 EVSEs, AC 162187 EVSEs in 6.6s
2026-07-17T04:20:52+00:00 OK 20260717_0420: DC 6555 EVSEs in 4.4s
2026-07-17T04:50:00+00:00 OK 20260717_0449: DC 6555 EVSEs, AC 162574 EVSEs in 6.6s
2026-07-17T04:50:24+00:00 OK 20260717_0450: DC 6555 EVSEs in 9.4s
2026-07-17T05:19:33+00:00 OK 20260717_0519: DC 6555 EVSEs in 7.0s
2026-07-17T05:48:43+00:00 OK 20260717_0548: DC 6555 EVSEs, AC 162585 EVSEs in 8.5s
2026-07-17T06:17:50+00:00 OK 20260717_0617: DC 6555 EVSEs in 5.9s
2026-07-17T06:47:00+00:00 OK 20260717_0646: DC 6555 EVSEs, AC 162626 EVSEs in 8.2s
2026-07-17T07:16:08+00:00 OK 20260717_0716: DC 6555 EVSEs in 6.5s
2026-07-17T07:16:33+00:00 OK 20260717_0716: DC 6555 EVSEs in 5.7s
2026-07-17T07:45:43+00:00 OK 20260717_0745: DC 6555 EVSEs, AC 162651 EVSEs in 7.7s
2026-07-17T08:14:50+00:00 OK 20260717_0814: DC 6555 EVSEs in 5.8s
2026-07-17T08:44:00+00:00 OK 20260717_0843: DC 6555 EVSEs, AC 162661 EVSEs in 8.3s
2026-07-17T09:13:09+00:00 OK 20260717_0913: DC 6555 EVSEs in 7.0s
2026-07-17T09:42:19+00:00 OK 20260717_0942: DC 6555 EVSEs, AC 162668 EVSEs in 8.5s
2026-07-17T09:42:39+00:00 OK 20260717_0942: DC 6555 EVSEs in 4.2s
2026-07-17T10:11:44+00:00 OK 20260717_1011: DC 6544 EVSEs in 4.3s
2026-07-17T10:40:52+00:00 OK 20260717_1040: DC 6544 EVSEs, AC 162349 EVSEs in 6.5s
2026-07-17T11:09:59+00:00 OK 20260717_1109: DC 6544 EVSEs in 4.8s
2026-07-17T11:39:07+00:00 OK 20260717_1139: DC 6544 EVSEs, AC 162358 EVSEs in 6.8s
2026-07-17T12:08:13+00:00 OK 20260717_1208: DC 6544 EVSEs in 4.6s
2026-07-17T12:08:31+00:00 OK 20260717_1208: DC 6544 EVSEs in 4.5s
2026-07-17T12:37:41+00:00 OK 20260717_1237: DC 6544 EVSEs, AC 162363 EVSEs in 8.0s
2026-07-17T13:06:47+00:00 OK 20260717_1306: DC 6544 EVSEs in 4.7s
2026-07-17T13:35:56+00:00 OK 20260717_1335: DC 6544 EVSEs, AC 162407 EVSEs in 7.2s
2026-07-17T14:06:41+00:00 OK 20260717_1404: DC 6544 EVSEs in 103.4s
2026-07-17T14:35:50+00:00 OK 20260717_1435: DC 6544 EVSEs, AC 162410 EVSEs in 7.7s
2026-07-17T14:36:11+00:00 OK 20260717_1436: DC 6544 EVSEs in 4.9s
2026-07-17T15:05:17+00:00 OK 20260717_1505: DC 6544 EVSEs in 4.5s
2026-07-17T15:34:27+00:00 OK 20260717_1534: DC 6544 EVSEs, AC 162412 EVSEs in 8.1s
2026-07-17T16:03:33+00:00 OK 20260717_1603: DC 6546 EVSEs in 4.5s
2026-07-17T16:32:42+00:00 OK 20260717_1632: DC 6546 EVSEs, AC 162368 EVSEs in 7.2s
2026-07-17T17:01:49+00:00 OK 20260717_1701: DC 6546 EVSEs in 4.9s
2026-07-17T17:02:13+00:00 OK 20260717_1702: DC 6546 EVSEs in 6.2s
2026-07-17T17:31:22+00:00 OK 20260717_1731: DC 6546 EVSEs, AC 162377 EVSEs in 8.0s
2026-07-17T18:00:31+00:00 OK 20260717_1800: DC 6546 EVSEs in 7.3s
2026-07-17T18:29:41+00:00 OK 20260717_1829: DC 6546 EVSEs, AC 162377 EVSEs in 8.2s
2026-07-17T18:58:49+00:00 OK 20260717_1858: DC 6546 EVSEs in 5.8s
2026-07-17T19:28:00+00:00 OK 20260717_1927: DC 6546 EVSEs, AC 162379 EVSEs in 9.6s
2026-07-17T19:28:22+00:00 OK 20260717_1928: DC 6546 EVSEs in 5.4s
2026-07-17T19:57:28+00:00 OK 20260717_1957: DC 6546 EVSEs in 4.9s
2026-07-17T20:26:38+00:00 OK 20260717_2026: DC 6546 EVSEs, AC 162379 EVSEs in 8.7s
2026-07-17T20:55:45+00:00 OK 20260717_2055: DC 6546 EVSEs in 5.1s
2026-07-17T21:24:54+00:00 OK 20260717_2124: DC 6546 EVSEs, AC 162379 EVSEs in 7.1s
2026-07-17T21:54:00+00:00 OK 20260717_2153: DC 6546 EVSEs in 5.0s
2026-07-17T21:54:21+00:00 OK 20260717_2154: DC 6546 EVSEs in 5.2s
2026-07-17T22:23:29+00:00 OK 20260717_2223: DC 6544 EVSEs, AC 162164 EVSEs in 7.0s
2026-07-17T22:52:36+00:00 OK 20260717_2252: DC 6544 EVSEs in 5.4s
2026-07-17T23:21:44+00:00 OK 20260717_2321: DC 6544 EVSEs, AC 162178 EVSEs in 6.6s
2026-07-17T23:50:51+00:00 OK 20260717_2350: DC 6544 EVSEs in 5.0s
2026-07-18T00:19:59+00:00 OK 20260718_0019: DC 6544 EVSEs, AC 162216 EVSEs in 6.9s
2026-07-18T00:20:20+00:00 OK 20260718_0020: DC 6544 EVSEs in 4.9s
2026-07-18T00:49:27+00:00 OK 20260718_0049: DC 6544 EVSEs in 5.7s
2026-07-18T01:18:37+00:00 OK 20260718_0118: DC 6544 EVSEs, AC 162250 EVSEs in 7.6s
2026-07-18T01:47:43+00:00 OK 20260718_0147: DC 6544 EVSEs in 5.2s
2026-07-18T02:16:52+00:00 OK 20260718_0216: DC 6544 EVSEs, AC 162267 EVSEs in 7.7s
2026-07-18T02:45:59+00:00 OK 20260718_0245: DC 6544 EVSEs in 4.8s
2026-07-18T03:19:41+00:00 OK 20260718_0319: DC 6544 EVSEs, AC 162294 EVSEs in 7.2s
2026-07-18T03:48:48+00:00 OK 20260718_0348: DC 6544 EVSEs in 4.2s
2026-07-18T04:17:56+00:00 OK 20260718_0417: DC 6553 EVSEs, AC 162402 EVSEs in 6.7s
2026-07-18T04:47:02+00:00 OK 20260718_0446: DC 6553 EVSEs in 4.3s
2026-07-18T05:16:10+00:00 OK 20260718_0516: DC 6553 EVSEs, AC 162412 EVSEs in 6.9s
2026-07-18T05:45:16+00:00 OK 20260718_0545: DC 6553 EVSEs in 4.9s
2026-07-18T06:12:56+00:00 OK 20260718_0612: DC 6553 EVSEs, AC 162431 EVSEs in 8.0s
2026-07-18T06:42:03+00:00 OK 20260718_0641: DC 6553 EVSEs in 4.8s
2026-07-18T07:11:12+00:00 OK 20260718_0711: DC 6553 EVSEs, AC 162451 EVSEs in 7.3s
2026-07-18T07:40:18+00:00 OK 20260718_0740: DC 6553 EVSEs in 5.0s
2026-07-18T08:09:27+00:00 OK 20260718_0809: DC 6553 EVSEs, AC 162473 EVSEs in 7.4s
2026-07-18T08:38:33+00:00 OK 20260718_0838: DC 6553 EVSEs in 4.8s
2026-07-18T08:55:08+00:00 OK 20260718_0855: DC 6553 EVSEs in 5.0s
2026-07-18T09:24:16+00:00 OK 20260718_0924: DC 6553 EVSEs, AC 162493 EVSEs in 6.9s
2026-07-18T09:53:22+00:00 OK 20260718_0953: DC 6553 EVSEs in 4.5s
2026-07-18T10:22:30+00:00 OK 20260718_1022: DC 6548 EVSEs, AC 162374 EVSEs in 6.6s
2026-07-18T10:51:37+00:00 OK 20260718_1051: DC 6548 EVSEs in 5.1s
2026-07-18T11:20:45+00:00 OK 20260718_1120: DC 6548 EVSEs, AC 162376 EVSEs in 6.8s
2026-07-18T11:21:05+00:00 OK 20260718_1121: DC 6548 EVSEs in 5.0s
2026-07-18T11:50:11+00:00 OK 20260718_1150: DC 6548 EVSEs in 5.1s
2026-07-18T12:19:21+00:00 OK 20260718_1219: DC 6548 EVSEs, AC 162382 EVSEs in 8.3s
2026-07-18T12:48:28+00:00 OK 20260718_1248: DC 6548 EVSEs in 5.7s
2026-07-18T13:17:38+00:00 OK 20260718_1317: DC 6548 EVSEs, AC 162382 EVSEs in 8.8s
2026-07-18T13:46:45+00:00 OK 20260718_1346: DC 6548 EVSEs in 5.1s
2026-07-18T13:47:06+00:00 OK 20260718_1347: DC 6548 EVSEs in 5.0s
2026-07-18T14:16:16+00:00 OK 20260718_1416: DC 6548 EVSEs, AC 162386 EVSEs in 8.4s
2026-07-18T14:45:23+00:00 OK 20260718_1445: DC 6548 EVSEs in 5.5s
2026-07-18T15:14:33+00:00 OK 20260718_1514: DC 6548 EVSEs, AC 162390 EVSEs in 8.3s
2026-07-18T15:43:40+00:00 OK 20260718_1543: DC 6548 EVSEs in 5.4s
2026-07-18T16:12:50+00:00 OK 20260718_1612: DC 6544 EVSEs, AC 162378 EVSEs in 7.9s
2026-07-18T16:13:15+00:00 OK 20260718_1613: DC 6544 EVSEs in 7.0s
2026-07-18T16:42:24+00:00 OK 20260718_1642: DC 6544 EVSEs in 7.1s
2026-07-18T17:11:44+00:00 OK 20260718_1711: DC 6544 EVSEs, AC 162471 EVSEs in 18.4s
2026-07-18T17:40:52+00:00 OK 20260718_1740: DC 6544 EVSEs in 6.1s
2026-07-18T18:10:02+00:00 OK 20260718_1809: DC 6544 EVSEs, AC 162471 EVSEs in 8.3s
2026-07-18T18:39:10+00:00 OK 20260718_1839: DC 6544 EVSEs in 6.1s
2026-07-18T18:39:33+00:00 OK 20260718_1839: DC 6544 EVSEs in 5.3s
2026-07-18T19:08:42+00:00 OK 20260718_1908: DC 6544 EVSEs, AC 162472 EVSEs in 7.6s
2026-07-18T19:37:49+00:00 OK 20260718_1937: DC 6544 EVSEs in 5.1s
2026-07-18T20:06:59+00:00 OK 20260718_2006: DC 6544 EVSEs, AC 162472 EVSEs in 8.8s
2026-07-18T20:36:06+00:00 OK 20260718_2036: DC 6544 EVSEs in 5.0s
2026-07-18T21:05:16+00:00 OK 20260718_2105: DC 6544 EVSEs, AC 162479 EVSEs in 8.3s
2026-07-18T21:05:41+00:00 OK 20260718_2105: DC 6544 EVSEs in 6.4s
2026-07-18T21:34:49+00:00 OK 20260718_2134: DC 6544 EVSEs in 6.3s
2026-07-18T22:03:59+00:00 OK 20260718_2203: DC 6546 EVSEs, AC 162316 EVSEs in 8.6s
2026-07-18T22:33:07+00:00 OK 20260718_2233: DC 6546 EVSEs in 6.1s
2026-07-18T23:02:18+00:00 OK 20260718_2302: DC 6546 EVSEs, AC 162213 EVSEs in 8.8s
2026-07-18T23:31:26+00:00 OK 20260718_2331: DC 6546 EVSEs in 6.1s
2026-07-18T23:31:50+00:00 OK 20260718_2331: DC 6546 EVSEs in 4.7s
2026-07-19T00:00:59+00:00 OK 20260719_0000: DC 6546 EVSEs, AC 162375 EVSEs in 7.3s
2026-07-19T00:30:05+00:00 OK 20260719_0030: DC 6546 EVSEs in 5.0s
2026-07-19T00:59:14+00:00 OK 20260719_0059: DC 6546 EVSEs, AC 162393 EVSEs in 7.7s
2026-07-19T01:28:22+00:00 OK 20260719_0128: DC 6546 EVSEs in 6.0s
2026-07-19T01:57:31+00:00 OK 20260719_0157: DC 6546 EVSEs, AC 162403 EVSEs in 7.2s
2026-07-19T01:57:53+00:00 OK 20260719_0157: DC 6546 EVSEs in 5.1s
2026-07-19T02:26:59+00:00 OK 20260719_0226: DC 6546 EVSEs in 5.1s
2026-07-19T02:56:10+00:00 OK 20260719_0256: DC 6546 EVSEs, AC 162425 EVSEs in 9.2s
2026-07-19T03:25:17+00:00 OK 20260719_0325: DC 6546 EVSEs in 5.2s
2026-07-19T03:54:26+00:00 OK 20260719_0354: DC 6546 EVSEs, AC 162430 EVSEs in 8.0s
2026-07-19T04:23:34+00:00 OK 20260719_0423: DC 6550 EVSEs in 6.2s
2026-07-19T04:23:57+00:00 OK 20260719_0423: DC 6550 EVSEs in 4.5s
2026-07-19T04:53:06+00:00 OK 20260719_0452: DC 6550 EVSEs, AC 162491 EVSEs in 7.3s
2026-07-19T05:22:13+00:00 OK 20260719_0522: DC 6550 EVSEs in 5.6s
2026-07-19T05:51:21+00:00 OK 20260719_0551: DC 6550 EVSEs, AC 162505 EVSEs in 7.5s
2026-07-19T06:20:29+00:00 OK 20260719_0620: DC 6550 EVSEs in 5.6s
2026-07-19T06:49:38+00:00 OK 20260719_0649: DC 6550 EVSEs, AC 162526 EVSEs in 8.0s
2026-07-19T06:49:55+00:00 OK 20260719_0649: DC 6550 EVSEs in 4.4s
2026-07-19T07:19:01+00:00 OK 20260719_0718: DC 6550 EVSEs in 4.6s
2026-07-19T07:48:09+00:00 OK 20260719_0748: DC 6550 EVSEs, AC 162552 EVSEs in 6.6s
2026-07-19T08:17:15+00:00 OK 20260719_0817: DC 6558 EVSEs in 4.6s
2026-07-19T08:46:24+00:00 OK 20260719_0846: DC 6558 EVSEs, AC 163222 EVSEs in 7.1s
2026-07-19T09:15:30+00:00 OK 20260719_0915: DC 6558 EVSEs in 4.6s
2026-07-19T09:16:38+00:00 OK 20260719_0916: DC 6558 EVSEs in 4.7s
2026-07-19T09:45:47+00:00 OK 20260719_0945: DC 6558 EVSEs, AC 163222 EVSEs in 7.8s
2026-07-19T10:14:54+00:00 OK 20260719_1014: DC 6556 EVSEs in 5.4s
2026-07-19T10:44:04+00:00 OK 20260719_1043: DC 6556 EVSEs, AC 163139 EVSEs in 7.8s
2026-07-19T11:13:10+00:00 OK 20260719_1113: DC 6556 EVSEs in 5.0s
2026-07-19T11:42:19+00:00 OK 20260719_1142: DC 6556 EVSEs, AC 163139 EVSEs in 7.5s
2026-07-19T11:42:41+00:00 OK 20260719_1142: DC 6556 EVSEs in 8.1s
2026-07-19T12:11:48+00:00 OK 20260719_1211: DC 6556 EVSEs in 5.7s
2026-07-19T12:40:56+00:00 OK 20260719_1240: DC 6556 EVSEs, AC 163139 EVSEs in 6.5s
2026-07-19T13:10:02+00:00 OK 20260719_1309: DC 6556 EVSEs in 4.5s
2026-07-19T13:39:10+00:00 OK 20260719_1339: DC 6556 EVSEs, AC 163139 EVSEs in 6.7s
2026-07-19T14:08:17+00:00 OK 20260719_1408: DC 6556 EVSEs in 4.9s
2026-07-19T14:08:37+00:00 OK 20260719_1408: DC 6556 EVSEs in 5.7s
2026-07-19T14:37:46+00:00 OK 20260719_1437: DC 6556 EVSEs, AC 163139 EVSEs in 6.8s
2026-07-19T15:06:53+00:00 OK 20260719_1506: DC 6556 EVSEs in 6.0s
2026-07-19T15:36:02+00:00 OK 20260719_1535: DC 6556 EVSEs, AC 163139 EVSEs in 6.8s
2026-07-19T16:05:09+00:00 OK 20260719_1605: DC 6556 EVSEs in 6.1s
2026-07-19T16:34:19+00:00 OK 20260719_1634: DC 6556 EVSEs, AC 163165 EVSEs in 7.8s
2026-07-19T16:34:39+00:00 OK 20260719_1634: DC 6556 EVSEs in 4.7s
2026-07-19T17:03:45+00:00 OK 20260719_1703: DC 6556 EVSEs in 4.5s
2026-07-19T17:32:53+00:00 OK 20260719_1732: DC 6556 EVSEs, AC 163165 EVSEs in 6.4s
2026-07-19T18:02:00+00:00 OK 20260719_1801: DC 6556 EVSEs in 5.0s
2026-07-19T18:31:07+00:00 OK 20260719_1831: DC 6556 EVSEs, AC 163165 EVSEs in 6.0s
2026-07-19T19:00:13+00:00 OK 20260719_1900: DC 6556 EVSEs in 4.3s
2026-07-19T19:00:35+00:00 OK 20260719_1900: DC 6556 EVSEs in 5.6s
2026-07-19T19:29:45+00:00 OK 20260719_1929: DC 6556 EVSEs, AC 163165 EVSEs in 7.8s
2026-07-19T19:58:52+00:00 OK 20260719_1958: DC 6556 EVSEs in 5.5s
2026-07-19T20:28:02+00:00 OK 20260719_2027: DC 6556 EVSEs, AC 163165 EVSEs in 8.4s
2026-07-19T20:57:10+00:00 OK 20260719_2057: DC 6556 EVSEs in 5.8s
2026-07-19T21:26:20+00:00 OK 20260719_2126: DC 6556 EVSEs, AC 163165 EVSEs in 8.5s
2026-07-19T21:26:41+00:00 OK 20260719_2126: DC 6556 EVSEs in 4.5s
2026-07-19T21:55:47+00:00 OK 20260719_2155: DC 6556 EVSEs in 4.6s
2026-07-19T22:24:55+00:00 OK 20260719_2224: DC 6550 EVSEs, AC 162052 EVSEs in 6.9s
2026-07-19T22:54:02+00:00 OK 20260719_2253: DC 6550 EVSEs in 4.9s
2026-07-19T23:23:11+00:00 OK 20260719_2323: DC 6550 EVSEs, AC 162079 EVSEs in 7.2s
2026-07-19T23:52:17+00:00 OK 20260719_2352: DC 6550 EVSEs in 4.2s
2026-07-19T23:52:38+00:00 OK 20260719_2352: DC 6550 EVSEs in 5.6s
2026-07-20T00:21:49+00:00 OK 20260720_0021: DC 6550 EVSEs, AC 162102 EVSEs in 8.9s
2026-07-20T00:50:57+00:00 OK 20260720_0050: DC 6550 EVSEs in 6.4s
